e:\ai_work\ai_devoir1\buckland_chapter2-state machines\westworldwithmessaging\debug\vc141.pdb
e:\ai_work\ai_devoir1\buckland_chapter2-state machines\westworldwithmessaging\debug\vc141.idb
e:\ai_work\ai_devoir1\buckland_chapter2-state machines\westworldwithmessaging\debug\minerswifeownedstates.sbr
e:\ai_work\ai_devoir1\buckland_chapter2-state machines\westworldwithmessaging\debug\minerswife.sbr
e:\ai_work\ai_devoir1\buckland_chapter2-state machines\westworldwithmessaging\debug\minerownedstates.sbr
e:\ai_work\ai_devoir1\buckland_chapter2-state machines\westworldwithmessaging\debug\miner.sbr
e:\ai_work\ai_devoir1\buckland_chapter2-state machines\westworldwithmessaging\debug\messagedispatcher.sbr
e:\ai_work\ai_devoir1\buckland_chapter2-state machines\westworldwithmessaging\debug\main.sbr
e:\ai_work\ai_devoir1\buckland_chapter2-state machines\westworldwithmessaging\debug\entitymanager.sbr
e:\ai_work\ai_devoir1\buckland_chapter2-state machines\westworldwithmessaging\debug\drunkardownedstates.sbr
e:\ai_work\ai_devoir1\buckland_chapter2-state machines\westworldwithmessaging\debug\drunkard.sbr
e:\ai_work\ai_devoir1\buckland_chapter2-state machines\westworldwithmessaging\debug\basegameentity.sbr
e:\ai_work\ai_devoir1\buckland_chapter2-state machines\westworldwithmessaging\debug\crudetimer.sbr
e:\ai_work\ai_devoir1\buckland_chapter2-state machines\westworldwithmessaging\debug\crudetimer.obj
e:\ai_work\ai_devoir1\buckland_chapter2-state machines\westworldwithmessaging\debug\basegameentity.obj
e:\ai_work\ai_devoir1\buckland_chapter2-state machines\westworldwithmessaging\debug\drunkard.obj
e:\ai_work\ai_devoir1\buckland_chapter2-state machines\westworldwithmessaging\debug\drunkardownedstates.obj
e:\ai_work\ai_devoir1\buckland_chapter2-state machines\westworldwithmessaging\debug\entitymanager.obj
e:\ai_work\ai_devoir1\buckland_chapter2-state machines\westworldwithmessaging\debug\main.obj
e:\ai_work\ai_devoir1\buckland_chapter2-state machines\westworldwithmessaging\debug\messagedispatcher.obj
e:\ai_work\ai_devoir1\buckland_chapter2-state machines\westworldwithmessaging\debug\miner.obj
e:\ai_work\ai_devoir1\buckland_chapter2-state machines\westworldwithmessaging\debug\minerownedstates.obj
e:\ai_work\ai_devoir1\buckland_chapter2-state machines\westworldwithmessaging\debug\minerswife.obj
e:\ai_work\ai_devoir1\buckland_chapter2-state machines\westworldwithmessaging\debug\minerswifeownedstates.obj
e:\ai_work\ai_devoir1\buckland_chapter2-state machines\westworldwithmessaging\debug\westworldwithmessaging.exe
e:\ai_work\ai_devoir1\buckland_chapter2-state machines\westworldwithmessaging\debug\westworldwithmessaging.ilk
e:\ai_work\ai_devoir1\buckland_chapter2-state machines\westworldwithmessaging\debug\westworldwithmessaging.pdb
e:\ai_work\ai_devoir1\buckland_chapter2-state machines\westworldwithmessaging\debug\westworldwithmessaging.bsc
e:\ai_work\ai_devoir1\buckland_chapter2-state machines\westworldwithmessaging\.\debug\westworldwithmessaging.exe
e:\ai_work\ai_devoir1\buckland_chapter2-state machines\westworldwithmessaging\debug\westworl.ac24b1f5.tlog\bscmake.command.1.tlog
e:\ai_work\ai_devoir1\buckland_chapter2-state machines\westworldwithmessaging\debug\westworl.ac24b1f5.tlog\bscmake.read.1.tlog
e:\ai_work\ai_devoir1\buckland_chapter2-state machines\westworldwithmessaging\debug\westworl.ac24b1f5.tlog\bscmake.write.1.tlog
e:\ai_work\ai_devoir1\buckland_chapter2-state machines\westworldwithmessaging\debug\westworl.ac24b1f5.tlog\cl.command.1.tlog
e:\ai_work\ai_devoir1\buckland_chapter2-state machines\westworldwithmessaging\debug\westworl.ac24b1f5.tlog\cl.read.1.tlog
e:\ai_work\ai_devoir1\buckland_chapter2-state machines\westworldwithmessaging\debug\westworl.ac24b1f5.tlog\cl.write.1.tlog
e:\ai_work\ai_devoir1\buckland_chapter2-state machines\westworldwithmessaging\debug\westworl.ac24b1f5.tlog\link.command.1.tlog
e:\ai_work\ai_devoir1\buckland_chapter2-state machines\westworldwithmessaging\debug\westworl.ac24b1f5.tlog\link.read.1.tlog
e:\ai_work\ai_devoir1\buckland_chapter2-state machines\westworldwithmessaging\debug\westworl.ac24b1f5.tlog\link.write.1.tlog
